make depend && make _tests
make[1]: Entering directory '/usr/ports/core-ppc/openssl/work/src/openssl-1.1.1i'
make[1]: Leaving directory '/usr/ports/core-ppc/openssl/work/src/openssl-1.1.1i'
make[1]: Entering directory '/usr/ports/core-ppc/openssl/work/src/openssl-1.1.1i'
( cd test; \
  mkdir -p test-runs; \
  SRCTOP=../. \
  BLDTOP=../. \
  RESULT_D=test-runs \
  PERL="/usr/bin/perl5.32.1" \
  EXE_EXT= \
  OPENSSL_ENGINES=`cd .././engines 2>/dev/null && pwd` \
  OPENSSL_DEBUG_MEMORY=on \
    /usr/bin/perl5.32.1 .././test/run_tests.pl  )
../test/recipes/01-test_abort.t .................... 
Dubious, test returned 2 (wstat 512, 0x200)
No subtests run 
../test/recipes/01-test_sanity.t ................... 
Dubious, test returned 2 (wstat 512, 0x200)
No subtests run 
../test/recipes/01-test_symbol_presence.t .......... 
Dubious, test returned 2 (wstat 512, 0x200)
No subtests run 
../test/recipes/01-test_test.t ..................... 
Dubious, test returned 2 (wstat 512, 0x200)
No subtests run 
../test/recipes/02-test_errstr.t ................... 
Dubious, test returned 2 (wstat 512, 0x200)
No subtests run 
../test/recipes/02-test_internal_ctype.t ........... 
Dubious, test returned 2 (wstat 512, 0x200)
No subtests run 
../test/recipes/02-test_lhash.t .................... 
Dubious, test returned 2 (wstat 512, 0x200)
No subtests run 
../test/recipes/02-test_ordinals.t ................. 
Dubious, test returned 2 (wstat 512, 0x200)
No subtests run 
../test/recipes/02-test_stack.t .................... 
Dubious, test returned 2 (wstat 512, 0x200)
No subtests run 
../test/recipes/03-test_exdata.t ................... 
Dubious, test returned 2 (wstat 512, 0x200)
No subtests run 
../test/recipes/03-test_internal_asn1.t ............ 
Dubious, test returned 2 (wstat 512, 0x200)
No subtests run 
../test/recipes/03-test_internal_chacha.t .......... 
Dubious, test returned 2 (wstat 512, 0x200)
No subtests run 
../test/recipes/03-test_internal_curve448.t ........ 
Dubious, test returned 2 (wstat 512, 0x200)
No subtests run 
../test/recipes/03-test_internal_ec.t .............. 
Dubious, test returned 2 (wstat 512, 0x200)
No subtests run 
../test/recipes/03-test_internal_mdc2.t ............ 
Dubious, test returned 2 (wstat 512, 0x200)
No subtests run 
../test/recipes/03-test_internal_modes.t ........... 
Dubious, test returned 2 (wstat 512, 0x200)
No subtests run 
../test/recipes/03-test_internal_poly1305.t ........ 
Dubious, test returned 2 (wstat 512, 0x200)
No subtests run 
../test/recipes/03-test_internal_siphash.t ......... 
Dubious, test returned 2 (wstat 512, 0x200)
No subtests run 
../test/recipes/03-test_internal_sm2.t ............. 
Dubious, test returned 2 (wstat 512, 0x200)
No subtests run 
../test/recipes/03-test_internal_sm4.t ............. 
Dubious, test returned 2 (wstat 512, 0x200)
No subtests run 
../test/recipes/03-test_internal_ssl_cert_table.t .. 
Dubious, test returned 2 (wstat 512, 0x200)
No subtests run 
../test/recipes/03-test_internal_x509.t ............ 
Dubious, test returned 2 (wstat 512, 0x200)
No subtests run 
../test/recipes/03-test_ui.t ....................... 
Dubious, test returned 2 (wstat 512, 0x200)
No subtests run 
../test/recipes/04-test_asn1_decode.t .............. 
Dubious, test returned 2 (wstat 512, 0x200)
No subtests run 
../test/recipes/04-test_asn1_encode.t .............. 
Dubious, test returned 2 (wstat 512, 0x200)
No subtests run 
../test/recipes/04-test_asn1_string_table.t ........ 
Dubious, test returned 2 (wstat 512, 0x200)
No subtests run 
../test/recipes/04-test_bio_callback.t ............. 
Dubious, test returned 2 (wstat 512, 0x200)
No subtests run 
../test/recipes/04-test_bioprint.t ................. 
Dubious, test returned 2 (wstat 512, 0x200)
No subtests run 
../test/recipes/04-test_err.t ...................... 
Dubious, test returned 2 (wstat 512, 0x200)
No subtests run 
../test/recipes/04-test_pem.t ...................... 
Dubious, test returned 2 (wstat 512, 0x200)
No subtests run 
../test/recipes/05-test_bf.t ....................... 
Dubious, test returned 2 (wstat 512, 0x200)
No subtests run 
../test/recipes/05-test_cast.t ..................... 
Dubious, test returned 2 (wstat 512, 0x200)
No subtests run 
../test/recipes/05-test_cmac.t ..................... 
Dubious, test returned 2 (wstat 512, 0x200)
No subtests run 
../test/recipes/05-test_des.t ...................... 
Dubious, test returned 2 (wstat 512, 0x200)
No subtests run 
../test/recipes/05-test_hmac.t ..................... 
Dubious, test returned 2 (wstat 512, 0x200)
No subtests run 
../test/recipes/05-test_idea.t ..................... 
Dubious, test returned 2 (wstat 512, 0x200)
No subtests run 
../test/recipes/05-test_md2.t ...................... 
Dubious, test returned 2 (wstat 512, 0x200)
No subtests run 
../test/recipes/05-test_mdc2.t ..................... 
Dubious, test returned 2 (wstat 512, 0x200)
No subtests run 
../test/recipes/05-test_rand.t ..................... 
Dubious, test returned 2 (wstat 512, 0x200)
No subtests run 
../test/recipes/05-test_rc2.t ...................... 
Dubious, test returned 2 (wstat 512, 0x200)
No subtests run 
../test/recipes/05-test_rc4.t ...................... 
Dubious, test returned 2 (wstat 512, 0x200)
No subtests run 
../test/recipes/05-test_rc5.t ...................... 
Dubious, test returned 2 (wstat 512, 0x200)
No subtests run 
../test/recipes/06-test-rdrand.t ................... 
Dubious, test returned 2 (wstat 512, 0x200)
No subtests run 
../test/recipes/10-test_bn.t ....................... 
Dubious, test returned 2 (wstat 512, 0x200)
No subtests run 
../test/recipes/10-test_exp.t ...................... 
Dubious, test returned 2 (wstat 512, 0x200)
No subtests run 
../test/recipes/15-test_dh.t ....................... 
Dubious, test returned 2 (wstat 512, 0x200)
No subtests run 
../test/recipes/15-test_dsa.t ...................... 
Dubious, test returned 2 (wstat 512, 0x200)
No subtests run 
../test/recipes/15-test_ec.t ....................... 
Dubious, test returned 2 (wstat 512, 0x200)
No subtests run 
../test/recipes/15-test_ecdsa.t .................... 
Dubious, test returned 2 (wstat 512, 0x200)
No subtests run 
../test/recipes/15-test_ecparam.t .................. 
Dubious, test returned 2 (wstat 512, 0x200)
No subtests run 
../test/recipes/15-test_genec.t .................... 
Dubious, test returned 2 (wstat 512, 0x200)
No subtests run 
../test/recipes/15-test_genrsa.t ................... 
Dubious, test returned 2 (wstat 512, 0x200)
No subtests run 
../test/recipes/15-test_mp_rsa.t ................... 
Dubious, test returned 2 (wstat 512, 0x200)
No subtests run 
../test/recipes/15-test_out_option.t ............... 
Dubious, test returned 2 (wstat 512, 0x200)
No subtests run 
../test/recipes/15-test_rsa.t ...................... 
Dubious, test returned 2 (wstat 512, 0x200)
No subtests run 
../test/recipes/15-test_rsapss.t ................... 
Dubious, test returned 2 (wstat 512, 0x200)
No subtests run 
../test/recipes/20-test_dgst.t ..................... 
Dubious, test returned 2 (wstat 512, 0x200)
No subtests run 
../test/recipes/20-test_enc.t ...................... 
Dubious, test returned 2 (wstat 512, 0x200)
No subtests run 
../test/recipes/20-test_enc_more.t ................. 
Dubious, test returned 2 (wstat 512, 0x200)
No subtests run 
../test/recipes/20-test_passwd.t ................... 
Dubious, test returned 2 (wstat 512, 0x200)
No subtests run 
../test/recipes/25-test_crl.t ...................... 
Dubious, test returned 2 (wstat 512, 0x200)
No subtests run 
../test/recipes/25-test_d2i.t ...................... 
Dubious, test returned 2 (wstat 512, 0x200)
No subtests run 
../test/recipes/25-test_pkcs7.t .................... 
Dubious, test returned 2 (wstat 512, 0x200)
No subtests run 
../test/recipes/25-test_req.t ...................... 
Dubious, test returned 2 (wstat 512, 0x200)
No subtests run 
../test/recipes/25-test_sid.t ...................... 
Dubious, test returned 2 (wstat 512, 0x200)
No subtests run 
../test/recipes/25-test_verify.t ................... 
Dubious, test returned 2 (wstat 512, 0x200)
No subtests run 
../test/recipes/25-test_x509.t ..................... 
Dubious, test returned 2 (wstat 512, 0x200)
No subtests run 
../test/recipes/30-test_afalg.t .................... 
Dubious, test returned 2 (wstat 512, 0x200)
No subtests run 
../test/recipes/30-test_engine.t ................... 
Dubious, test returned 2 (wstat 512, 0x200)
No subtests run 
../test/recipes/30-test_evp.t ...................... 
Dubious, test returned 2 (wstat 512, 0x200)
No subtests run 
../test/recipes/30-test_evp_extra.t ................ 
Dubious, test returned 2 (wstat 512, 0x200)
No subtests run 
../test/recipes/30-test_pbelu.t .................... 
Dubious, test returned 2 (wstat 512, 0x200)
No subtests run 
../test/recipes/30-test_pkey_meth.t ................ 
Dubious, test returned 2 (wstat 512, 0x200)
No subtests run 
../test/recipes/30-test_pkey_meth_kdf.t ............ 
Dubious, test returned 2 (wstat 512, 0x200)
No subtests run 
../test/recipes/40-test_rehash.t ................... 
Dubious, test returned 2 (wstat 512, 0x200)
No subtests run 
../test/recipes/60-test_x509_check_cert_pkey.t ..... 
Dubious, test returned 2 (wstat 512, 0x200)
No subtests run 
../test/recipes/60-test_x509_dup_cert.t ............ 
Dubious, test returned 2 (wstat 512, 0x200)
No subtests run 
../test/recipes/60-test_x509_store.t ............... 
Dubious, test returned 2 (wstat 512, 0x200)
No subtests run 
../test/recipes/60-test_x509_time.t ................ 
Dubious, test returned 2 (wstat 512, 0x200)
No subtests run 
../test/recipes/70-test_asyncio.t .................. 
Dubious, test returned 2 (wstat 512, 0x200)
No subtests run 
../test/recipes/70-test_bad_dtls.t ................. 
Dubious, test returned 2 (wstat 512, 0x200)
No subtests run 
../test/recipes/70-test_clienthello.t .............. 
Dubious, test returned 2 (wstat 512, 0x200)
No subtests run 
../test/recipes/70-test_comp.t ..................... 
Dubious, test returned 2 (wstat 512, 0x200)
No subtests run 
../test/recipes/70-test_key_share.t ................ 
Dubious, test returned 2 (wstat 512, 0x200)
No subtests run 
../test/recipes/70-test_packet.t ................... 
Dubious, test returned 2 (wstat 512, 0x200)
No subtests run 
../test/recipes/70-test_recordlen.t ................ 
Dubious, test returned 2 (wstat 512, 0x200)
No subtests run 
../test/recipes/70-test_renegotiation.t ............ 
Dubious, test returned 2 (wstat 512, 0x200)
No subtests run 
../test/recipes/70-test_servername.t ............... 
Dubious, test returned 2 (wstat 512, 0x200)
No subtests run 
../test/recipes/70-test_sslcbcpadding.t ............ 
Dubious, test returned 2 (wstat 512, 0x200)
No subtests run 
../test/recipes/70-test_sslcertstatus.t ............ 
Dubious, test returned 2 (wstat 512, 0x200)
No subtests run 
../test/recipes/70-test_sslextension.t ............. 
Dubious, test returned 2 (wstat 512, 0x200)
No subtests run 
../test/recipes/70-test_sslmessages.t .............. 
Dubious, test returned 2 (wstat 512, 0x200)
No subtests run 
../test/recipes/70-test_sslrecords.t ............... 
Dubious, test returned 2 (wstat 512, 0x200)
No subtests run 
../test/recipes/70-test_sslsessiontick.t ........... 
Dubious, test returned 2 (wstat 512, 0x200)
No subtests run 
../test/recipes/70-test_sslsigalgs.t ............... 
Dubious, test returned 2 (wstat 512, 0x200)
No subtests run 
../test/recipes/70-test_sslsignature.t ............. 
Dubious, test returned 2 (wstat 512, 0x200)
No subtests run 
../test/recipes/70-test_sslskewith0p.t ............. 
Dubious, test returned 2 (wstat 512, 0x200)
No subtests run 
../test/recipes/70-test_sslversions.t .............. 
Dubious, test returned 2 (wstat 512, 0x200)
No subtests run 
../test/recipes/70-test_sslvertol.t ................ 
Dubious, test returned 2 (wstat 512, 0x200)
No subtests run 
../test/recipes/70-test_tls13alerts.t .............. 
Dubious, test returned 2 (wstat 512, 0x200)
No subtests run 
../test/recipes/70-test_tls13cookie.t .............. 
Dubious, test returned 2 (wstat 512, 0x200)
No subtests run 
../test/recipes/70-test_tls13downgrade.t ........... 
Dubious, test returned 2 (wstat 512, 0x200)
No subtests run 
../test/recipes/70-test_tls13hrr.t ................. 
Dubious, test returned 2 (wstat 512, 0x200)
No subtests run 
../test/recipes/70-test_tls13kexmodes.t ............ 
Dubious, test returned 2 (wstat 512, 0x200)
No subtests run 
../test/recipes/70-test_tls13messages.t ............ 
Dubious, test returned 2 (wstat 512, 0x200)
No subtests run 
../test/recipes/70-test_tls13psk.t ................. 
Dubious, test returned 2 (wstat 512, 0x200)
No subtests run 
../test/recipes/70-test_tlsextms.t ................. 
Dubious, test returned 2 (wstat 512, 0x200)
No subtests run 
../test/recipes/70-test_verify_extra.t ............. 
Dubious, test returned 2 (wstat 512, 0x200)
No subtests run 
../test/recipes/70-test_wpacket.t .................. 
Dubious, test returned 2 (wstat 512, 0x200)
No subtests run 
../test/recipes/80-test_ca.t ....................... 
Dubious, test returned 2 (wstat 512, 0x200)
No subtests run 
../test/recipes/80-test_cipherbytes.t .............. 
Dubious, test returned 2 (wstat 512, 0x200)
No subtests run 
../test/recipes/80-test_cipherlist.t ............... 
Dubious, test returned 2 (wstat 512, 0x200)
No subtests run 
../test/recipes/80-test_ciphername.t ............... 
Dubious, test returned 2 (wstat 512, 0x200)
No subtests run 
../test/recipes/80-test_cms.t ...................... 
Dubious, test returned 2 (wstat 512, 0x200)
No subtests run 
../test/recipes/80-test_cmsapi.t ................... 
Dubious, test returned 2 (wstat 512, 0x200)
No subtests run 
../test/recipes/80-test_ct.t ....................... 
Dubious, test returned 2 (wstat 512, 0x200)
No subtests run 
../test/recipes/80-test_dane.t ..................... 
Dubious, test returned 2 (wstat 512, 0x200)
No subtests run 
../test/recipes/80-test_dtls.t ..................... 
Dubious, test returned 2 (wstat 512, 0x200)
No subtests run 
../test/recipes/80-test_dtls_mtu.t ................. 
Dubious, test returned 2 (wstat 512, 0x200)
No subtests run 
../test/recipes/80-test_dtlsv1listen.t ............. 
Dubious, test returned 2 (wstat 512, 0x200)
No subtests run 
../test/recipes/80-test_ocsp.t ..................... 
Dubious, test returned 2 (wstat 512, 0x200)
No subtests run 
../test/recipes/80-test_pkcs12.t ................... 
Dubious, test returned 2 (wstat 512, 0x200)
No subtests run 
../test/recipes/80-test_ssl_new.t .................. 
Dubious, test returned 2 (wstat 512, 0x200)
No subtests run 
../test/recipes/80-test_ssl_old.t .................. 
Dubious, test returned 2 (wstat 512, 0x200)
No subtests run 
../test/recipes/80-test_ssl_test_ctx.t ............. 
Dubious, test returned 2 (wstat 512, 0x200)
No subtests run 
../test/recipes/80-test_sslcorrupt.t ............... 
Dubious, test returned 2 (wstat 512, 0x200)
No subtests run 
../test/recipes/80-test_tsa.t ...................... 
Dubious, test returned 2 (wstat 512, 0x200)
No subtests run 
../test/recipes/80-test_x509aux.t .................. 
Dubious, test returned 2 (wstat 512, 0x200)
No subtests run 
../test/recipes/90-test_asn1_time.t ................ 
Dubious, test returned 2 (wstat 512, 0x200)
No subtests run 
../test/recipes/90-test_async.t .................... 
Dubious, test returned 2 (wstat 512, 0x200)
No subtests run 
../test/recipes/90-test_bio_enc.t .................. 
Dubious, test returned 2 (wstat 512, 0x200)
No subtests run 
../test/recipes/90-test_bio_memleak.t .............. 
Dubious, test returned 2 (wstat 512, 0x200)
No subtests run 
../test/recipes/90-test_constant_time.t ............ 
Dubious, test returned 2 (wstat 512, 0x200)
No subtests run 
../test/recipes/90-test_fatalerr.t ................. 
Dubious, test returned 2 (wstat 512, 0x200)
No subtests run 
../test/recipes/90-test_gmdiff.t ................... 
Dubious, test returned 2 (wstat 512, 0x200)
No subtests run 
../test/recipes/90-test_gost.t ..................... 
Dubious, test returned 2 (wstat 512, 0x200)
No subtests run 
../test/recipes/90-test_ige.t ...................... 
Dubious, test returned 2 (wstat 512, 0x200)
No subtests run 
../test/recipes/90-test_includes.t ................. 
Dubious, test returned 2 (wstat 512, 0x200)
No subtests run 
../test/recipes/90-test_memleak.t .................. 
Dubious, test returned 2 (wstat 512, 0x200)
No subtests run 
../test/recipes/90-test_overhead.t ................. 
Dubious, test returned 2 (wstat 512, 0x200)
No subtests run 
../test/recipes/90-test_secmem.t ................... 
Dubious, test returned 2 (wstat 512, 0x200)
No subtests run 
../test/recipes/90-test_shlibload.t ................ 
Dubious, test returned 2 (wstat 512, 0x200)
No subtests run 
../test/recipes/90-test_srp.t ...................... 
Dubious, test returned 2 (wstat 512, 0x200)
No subtests run 
../test/recipes/90-test_sslapi.t ................... 
Dubious, test returned 2 (wstat 512, 0x200)
No subtests run 
../test/recipes/90-test_sslbuffers.t ............... 
Dubious, test returned 2 (wstat 512, 0x200)
No subtests run 
../test/recipes/90-test_store.t .................... 
Dubious, test returned 2 (wstat 512, 0x200)
No subtests run 
../test/recipes/90-test_sysdefault.t ............... 
Dubious, test returned 2 (wstat 512, 0x200)
No subtests run 
../test/recipes/90-test_threads.t .................. 
Dubious, test returned 2 (wstat 512, 0x200)
No subtests run 
../test/recipes/90-test_time_offset.t .............. 
Dubious, test returned 2 (wstat 512, 0x200)
No subtests run 
../test/recipes/90-test_tls13ccs.t ................. 
Dubious, test returned 2 (wstat 512, 0x200)
No subtests run 
../test/recipes/90-test_tls13encryption.t .......... 
Dubious, test returned 2 (wstat 512, 0x200)
No subtests run 
../test/recipes/90-test_tls13secrets.t ............. 
Dubious, test returned 2 (wstat 512, 0x200)
No subtests run 
../test/recipes/90-test_v3name.t ................... 
Dubious, test returned 2 (wstat 512, 0x200)
No subtests run 
../test/recipes/95-test_external_boringssl.t ....... 
Dubious, test returned 2 (wstat 512, 0x200)
No subtests run 
../test/recipes/95-test_external_krb5.t ............ 
Dubious, test returned 2 (wstat 512, 0x200)
No subtests run 
../test/recipes/95-test_external_pyca.t ............ 
Dubious, test returned 2 (wstat 512, 0x200)
No subtests run 
../test/recipes/99-test_ecstress.t ................. 
Dubious, test returned 2 (wstat 512, 0x200)
No subtests run 
../test/recipes/99-test_fuzz.t ..................... 
Dubious, test returned 2 (wstat 512, 0x200)
No subtests run 

Test Summary Report
-------------------
../test/recipes/01-test_abort.t                  (Wstat: 512 Tests: 0 Failed: 0)
  Non-zero exit status: 2
  Parse errors: No plan found in TAP output
../test/recipes/01-test_sanity.t                 (Wstat: 512 Tests: 0 Failed: 0)
  Non-zero exit status: 2
  Parse errors: No plan found in TAP output
../test/recipes/01-test_symbol_presence.t        (Wstat: 512 Tests: 0 Failed: 0)
  Non-zero exit status: 2
  Parse errors: No plan found in TAP output
../test/recipes/01-test_test.t                   (Wstat: 512 Tests: 0 Failed: 0)
  Non-zero exit status: 2
  Parse errors: No plan found in TAP output
../test/recipes/02-test_errstr.t                 (Wstat: 512 Tests: 0 Failed: 0)
  Non-zero exit status: 2
  Parse errors: No plan found in TAP output
../test/recipes/02-test_internal_ctype.t         (Wstat: 512 Tests: 0 Failed: 0)
  Non-zero exit status: 2
  Parse errors: No plan found in TAP output
../test/recipes/02-test_lhash.t                  (Wstat: 512 Tests: 0 Failed: 0)
  Non-zero exit status: 2
  Parse errors: No plan found in TAP output
../test/recipes/02-test_ordinals.t               (Wstat: 512 Tests: 0 Failed: 0)
  Non-zero exit status: 2
  Parse errors: No plan found in TAP output
../test/recipes/02-test_stack.t                  (Wstat: 512 Tests: 0 Failed: 0)
  Non-zero exit status: 2
  Parse errors: No plan found in TAP output
../test/recipes/03-test_exdata.t                 (Wstat: 512 Tests: 0 Failed: 0)
  Non-zero exit status: 2
  Parse errors: No plan found in TAP output
../test/recipes/03-test_internal_asn1.t          (Wstat: 512 Tests: 0 Failed: 0)
  Non-zero exit status: 2
  Parse errors: No plan found in TAP output
../test/recipes/03-test_internal_chacha.t        (Wstat: 512 Tests: 0 Failed: 0)
  Non-zero exit status: 2
  Parse errors: No plan found in TAP output
../test/recipes/03-test_internal_curve448.t      (Wstat: 512 Tests: 0 Failed: 0)
  Non-zero exit status: 2
  Parse errors: No plan found in TAP output
../test/recipes/03-test_internal_ec.t            (Wstat: 512 Tests: 0 Failed: 0)
  Non-zero exit status: 2
  Parse errors: No plan found in TAP output
../test/recipes/03-test_internal_mdc2.t          (Wstat: 512 Tests: 0 Failed: 0)
  Non-zero exit status: 2
  Parse errors: No plan found in TAP output
../test/recipes/03-test_internal_modes.t         (Wstat: 512 Tests: 0 Failed: 0)
  Non-zero exit status: 2
  Parse errors: No plan found in TAP output
../test/recipes/03-test_internal_poly1305.t      (Wstat: 512 Tests: 0 Failed: 0)
  Non-zero exit status: 2
  Parse errors: No plan found in TAP output
../test/recipes/03-test_internal_siphash.t       (Wstat: 512 Tests: 0 Failed: 0)
  Non-zero exit status: 2
  Parse errors: No plan found in TAP output
../test/recipes/03-test_internal_sm2.t           (Wstat: 512 Tests: 0 Failed: 0)
  Non-zero exit status: 2
  Parse errors: No plan found in TAP output
../test/recipes/03-test_internal_sm4.t           (Wstat: 512 Tests: 0 Failed: 0)
  Non-zero exit status: 2
  Parse errors: No plan found in TAP output
../test/recipes/03-test_internal_ssl_cert_table.t (Wstat: 512 Tests: 0 Failed: 0)
  Non-zero exit status: 2
  Parse errors: No plan found in TAP output
../test/recipes/03-test_internal_x509.t          (Wstat: 512 Tests: 0 Failed: 0)
  Non-zero exit status: 2
  Parse errors: No plan found in TAP output
../test/recipes/03-test_ui.t                     (Wstat: 512 Tests: 0 Failed: 0)
  Non-zero exit status: 2
  Parse errors: No plan found in TAP output
../test/recipes/04-test_asn1_decode.t            (Wstat: 512 Tests: 0 Failed: 0)
  Non-zero exit status: 2
  Parse errors: No plan found in TAP output
../test/recipes/04-test_asn1_encode.t            (Wstat: 512 Tests: 0 Failed: 0)
  Non-zero exit status: 2
  Parse errors: No plan found in TAP output
../test/recipes/04-test_asn1_string_table.t      (Wstat: 512 Tests: 0 Failed: 0)
  Non-zero exit status: 2
  Parse errors: No plan found in TAP output
../test/recipes/04-test_bio_callback.t           (Wstat: 512 Tests: 0 Failed: 0)
  Non-zero exit status: 2
  Parse errors: No plan found in TAP output
../test/recipes/04-test_bioprint.t               (Wstat: 512 Tests: 0 Failed: 0)
  Non-zero exit status: 2
  Parse errors: No plan found in TAP output
../test/recipes/04-test_err.t                    (Wstat: 512 Tests: 0 Failed: 0)
  Non-zero exit status: 2
  Parse errors: No plan found in TAP output
../test/recipes/04-test_pem.t                    (Wstat: 512 Tests: 0 Failed: 0)
  Non-zero exit status: 2
  Parse errors: No plan found in TAP output
../test/recipes/05-test_bf.t                     (Wstat: 512 Tests: 0 Failed: 0)
  Non-zero exit status: 2
  Parse errors: No plan found in TAP output
../test/recipes/05-test_cast.t                   (Wstat: 512 Tests: 0 Failed: 0)
  Non-zero exit status: 2
  Parse errors: No plan found in TAP output
../test/recipes/05-test_cmac.t                   (Wstat: 512 Tests: 0 Failed: 0)
  Non-zero exit status: 2
  Parse errors: No plan found in TAP output
../test/recipes/05-test_des.t                    (Wstat: 512 Tests: 0 Failed: 0)
  Non-zero exit status: 2
  Parse errors: No plan found in TAP output
../test/recipes/05-test_hmac.t                   (Wstat: 512 Tests: 0 Failed: 0)
  Non-zero exit status: 2
  Parse errors: No plan found in TAP output
../test/recipes/05-test_idea.t                   (Wstat: 512 Tests: 0 Failed: 0)
  Non-zero exit status: 2
  Parse errors: No plan found in TAP output
../test/recipes/05-test_md2.t                    (Wstat: 512 Tests: 0 Failed: 0)
  Non-zero exit status: 2
  Parse errors: No plan found in TAP output
../test/recipes/05-test_mdc2.t                   (Wstat: 512 Tests: 0 Failed: 0)
  Non-zero exit status: 2
  Parse errors: No plan found in TAP output
../test/recipes/05-test_rand.t                   (Wstat: 512 Tests: 0 Failed: 0)
  Non-zero exit status: 2
  Parse errors: No plan found in TAP output
../test/recipes/05-test_rc2.t                    (Wstat: 512 Tests: 0 Failed: 0)
  Non-zero exit status: 2
  Parse errors: No plan found in TAP output
../test/recipes/05-test_rc4.t                    (Wstat: 512 Tests: 0 Failed: 0)
  Non-zero exit status: 2
  Parse errors: No plan found in TAP output
../test/recipes/05-test_rc5.t                    (Wstat: 512 Tests: 0 Failed: 0)
  Non-zero exit status: 2
  Parse errors: No plan found in TAP output
../test/recipes/06-test-rdrand.t                 (Wstat: 512 Tests: 0 Failed: 0)
  Non-zero exit status: 2
  Parse errors: No plan found in TAP output
../test/recipes/10-test_bn.t                     (Wstat: 512 Tests: 0 Failed: 0)
  Non-zero exit status: 2
  Parse errors: No plan found in TAP output
../test/recipes/10-test_exp.t                    (Wstat: 512 Tests: 0 Failed: 0)
  Non-zero exit status: 2
  Parse errors: No plan found in TAP output
../test/recipes/15-test_dh.t                     (Wstat: 512 Tests: 0 Failed: 0)
  Non-zero exit status: 2
  Parse errors: No plan found in TAP output
../test/recipes/15-test_dsa.t                    (Wstat: 512 Tests: 0 Failed: 0)
  Non-zero exit status: 2
  Parse errors: No plan found in TAP output
../test/recipes/15-test_ec.t                     (Wstat: 512 Tests: 0 Failed: 0)
  Non-zero exit status: 2
  Parse errors: No plan found in TAP output
../test/recipes/15-test_ecdsa.t                  (Wstat: 512 Tests: 0 Failed: 0)
  Non-zero exit status: 2
  Parse errors: No plan found in TAP output
../test/recipes/15-test_ecparam.t                (Wstat: 512 Tests: 0 Failed: 0)
  Non-zero exit status: 2
  Parse errors: No plan found in TAP output
../test/recipes/15-test_genec.t                  (Wstat: 512 Tests: 0 Failed: 0)
  Non-zero exit status: 2
  Parse errors: No plan found in TAP output
../test/recipes/15-test_genrsa.t                 (Wstat: 512 Tests: 0 Failed: 0)
  Non-zero exit status: 2
  Parse errors: No plan found in TAP output
../test/recipes/15-test_mp_rsa.t                 (Wstat: 512 Tests: 0 Failed: 0)
  Non-zero exit status: 2
  Parse errors: No plan found in TAP output
../test/recipes/15-test_out_option.t             (Wstat: 512 Tests: 0 Failed: 0)
  Non-zero exit status: 2
  Parse errors: No plan found in TAP output
../test/recipes/15-test_rsa.t                    (Wstat: 512 Tests: 0 Failed: 0)
  Non-zero exit status: 2
  Parse errors: No plan found in TAP output
../test/recipes/15-test_rsapss.t                 (Wstat: 512 Tests: 0 Failed: 0)
  Non-zero exit status: 2
  Parse errors: No plan found in TAP output
../test/recipes/20-test_dgst.t                   (Wstat: 512 Tests: 0 Failed: 0)
  Non-zero exit status: 2
  Parse errors: No plan found in TAP output
../test/recipes/20-test_enc.t                    (Wstat: 512 Tests: 0 Failed: 0)
  Non-zero exit status: 2
  Parse errors: No plan found in TAP output
../test/recipes/20-test_enc_more.t               (Wstat: 512 Tests: 0 Failed: 0)
  Non-zero exit status: 2
  Parse errors: No plan found in TAP output
../test/recipes/20-test_passwd.t                 (Wstat: 512 Tests: 0 Failed: 0)
  Non-zero exit status: 2
  Parse errors: No plan found in TAP output
../test/recipes/25-test_crl.t                    (Wstat: 512 Tests: 0 Failed: 0)
  Non-zero exit status: 2
  Parse errors: No plan found in TAP output
../test/recipes/25-test_d2i.t                    (Wstat: 512 Tests: 0 Failed: 0)
  Non-zero exit status: 2
  Parse errors: No plan found in TAP output
../test/recipes/25-test_pkcs7.t                  (Wstat: 512 Tests: 0 Failed: 0)
  Non-zero exit status: 2
  Parse errors: No plan found in TAP output
../test/recipes/25-test_req.t                    (Wstat: 512 Tests: 0 Failed: 0)
  Non-zero exit status: 2
  Parse errors: No plan found in TAP output
../test/recipes/25-test_sid.t                    (Wstat: 512 Tests: 0 Failed: 0)
  Non-zero exit status: 2
  Parse errors: No plan found in TAP output
../test/recipes/25-test_verify.t                 (Wstat: 512 Tests: 0 Failed: 0)
  Non-zero exit status: 2
  Parse errors: No plan found in TAP output
../test/recipes/25-test_x509.t                   (Wstat: 512 Tests: 0 Failed: 0)
  Non-zero exit status: 2
  Parse errors: No plan found in TAP output
../test/recipes/30-test_afalg.t                  (Wstat: 512 Tests: 0 Failed: 0)
  Non-zero exit status: 2
  Parse errors: No plan found in TAP output
../test/recipes/30-test_engine.t                 (Wstat: 512 Tests: 0 Failed: 0)
  Non-zero exit status: 2
  Parse errors: No plan found in TAP output
../test/recipes/30-test_evp.t                    (Wstat: 512 Tests: 0 Failed: 0)
  Non-zero exit status: 2
  Parse errors: No plan found in TAP output
../test/recipes/30-test_evp_extra.t              (Wstat: 512 Tests: 0 Failed: 0)
  Non-zero exit status: 2
  Parse errors: No plan found in TAP output
../test/recipes/30-test_pbelu.t                  (Wstat: 512 Tests: 0 Failed: 0)
  Non-zero exit status: 2
  Parse errors: No plan found in TAP output
../test/recipes/30-test_pkey_meth.t              (Wstat: 512 Tests: 0 Failed: 0)
  Non-zero exit status: 2
  Parse errors: No plan found in TAP output
../test/recipes/30-test_pkey_meth_kdf.t          (Wstat: 512 Tests: 0 Failed: 0)
  Non-zero exit status: 2
  Parse errors: No plan found in TAP output
../test/recipes/40-test_rehash.t                 (Wstat: 512 Tests: 0 Failed: 0)
  Non-zero exit status: 2
  Parse errors: No plan found in TAP output
../test/recipes/60-test_x509_check_cert_pkey.t   (Wstat: 512 Tests: 0 Failed: 0)
  Non-zero exit status: 2
  Parse errors: No plan found in TAP output
../test/recipes/60-test_x509_dup_cert.t          (Wstat: 512 Tests: 0 Failed: 0)
  Non-zero exit status: 2
  Parse errors: No plan found in TAP output
../test/recipes/60-test_x509_store.t             (Wstat: 512 Tests: 0 Failed: 0)
  Non-zero exit status: 2
  Parse errors: No plan found in TAP output
../test/recipes/60-test_x509_time.t              (Wstat: 512 Tests: 0 Failed: 0)
  Non-zero exit status: 2
  Parse errors: No plan found in TAP output
../test/recipes/70-test_asyncio.t                (Wstat: 512 Tests: 0 Failed: 0)
  Non-zero exit status: 2
  Parse errors: No plan found in TAP output
../test/recipes/70-test_bad_dtls.t               (Wstat: 512 Tests: 0 Failed: 0)
  Non-zero exit status: 2
  Parse errors: No plan found in TAP output
../test/recipes/70-test_clienthello.t            (Wstat: 512 Tests: 0 Failed: 0)
  Non-zero exit status: 2
  Parse errors: No plan found in TAP output
../test/recipes/70-test_comp.t                   (Wstat: 512 Tests: 0 Failed: 0)
  Non-zero exit status: 2
  Parse errors: No plan found in TAP output
../test/recipes/70-test_key_share.t              (Wstat: 512 Tests: 0 Failed: 0)
  Non-zero exit status: 2
  Parse errors: No plan found in TAP output
../test/recipes/70-test_packet.t                 (Wstat: 512 Tests: 0 Failed: 0)
  Non-zero exit status: 2
  Parse errors: No plan found in TAP output
../test/recipes/70-test_recordlen.t              (Wstat: 512 Tests: 0 Failed: 0)
  Non-zero exit status: 2
  Parse errors: No plan found in TAP output
../test/recipes/70-test_renegotiation.t          (Wstat: 512 Tests: 0 Failed: 0)
  Non-zero exit status: 2
  Parse errors: No plan found in TAP output
../test/recipes/70-test_servername.t             (Wstat: 512 Tests: 0 Failed: 0)
  Non-zero exit status: 2
  Parse errors: No plan found in TAP output
../test/recipes/70-test_sslcbcpadding.t          (Wstat: 512 Tests: 0 Failed: 0)
  Non-zero exit status: 2
  Parse errors: No plan found in TAP output
../test/recipes/70-test_sslcertstatus.t          (Wstat: 512 Tests: 0 Failed: 0)
  Non-zero exit status: 2
  Parse errors: No plan found in TAP output
../test/recipes/70-test_sslextension.t           (Wstat: 512 Tests: 0 Failed: 0)
  Non-zero exit status: 2
  Parse errors: No plan found in TAP output
../test/recipes/70-test_sslmessages.t            (Wstat: 512 Tests: 0 Failed: 0)
  Non-zero exit status: 2
  Parse errors: No plan found in TAP output
../test/recipes/70-test_sslrecords.t             (Wstat: 512 Tests: 0 Failed: 0)
  Non-zero exit status: 2
  Parse errors: No plan found in TAP output
../test/recipes/70-test_sslsessiontick.t         (Wstat: 512 Tests: 0 Failed: 0)
  Non-zero exit status: 2
  Parse errors: No plan found in TAP output
../test/recipes/70-test_sslsigalgs.t             (Wstat: 512 Tests: 0 Failed: 0)
  Non-zero exit status: 2
  Parse errors: No plan found in TAP output
../test/recipes/70-test_sslsignature.t           (Wstat: 512 Tests: 0 Failed: 0)
  Non-zero exit status: 2
  Parse errors: No plan found in TAP output
../test/recipes/70-test_sslskewith0p.t           (Wstat: 512 Tests: 0 Failed: 0)
  Non-zero exit status: 2
  Parse errors: No plan found in TAP output
../test/recipes/70-test_sslversions.t            (Wstat: 512 Tests: 0 Failed: 0)
  Non-zero exit status: 2
  Parse errors: No plan found in TAP output
../test/recipes/70-test_sslvertol.t              (Wstat: 512 Tests: 0 Failed: 0)
  Non-zero exit status: 2
  Parse errors: No plan found in TAP output
../test/recipes/70-test_tls13alerts.t            (Wstat: 512 Tests: 0 Failed: 0)
  Non-zero exit status: 2
  Parse errors: No plan found in TAP output
../test/recipes/70-test_tls13cookie.t            (Wstat: 512 Tests: 0 Failed: 0)
  Non-zero exit status: 2
  Parse errors: No plan found in TAP output
../test/recipes/70-test_tls13downgrade.t         (Wstat: 512 Tests: 0 Failed: 0)
  Non-zero exit status: 2
  Parse errors: No plan found in TAP output
../test/recipes/70-test_tls13hrr.t               (Wstat: 512 Tests: 0 Failed: 0)
  Non-zero exit status: 2
  Parse errors: No plan found in TAP output
../test/recipes/70-test_tls13kexmodes.t          (Wstat: 512 Tests: 0 Failed: 0)
  Non-zero exit status: 2
  Parse errors: No plan found in TAP output
../test/recipes/70-test_tls13messages.t          (Wstat: 512 Tests: 0 Failed: 0)
  Non-zero exit status: 2
  Parse errors: No plan found in TAP output
../test/recipes/70-test_tls13psk.t               (Wstat: 512 Tests: 0 Failed: 0)
  Non-zero exit status: 2
  Parse errors: No plan found in TAP output
../test/recipes/70-test_tlsextms.t               (Wstat: 512 Tests: 0 Failed: 0)
  Non-zero exit status: 2
  Parse errors: No plan found in TAP output
../test/recipes/70-test_verify_extra.t           (Wstat: 512 Tests: 0 Failed: 0)
  Non-zero exit status: 2
  Parse errors: No plan found in TAP output
../test/recipes/70-test_wpacket.t                (Wstat: 512 Tests: 0 Failed: 0)
  Non-zero exit status: 2
  Parse errors: No plan found in TAP output
../test/recipes/80-test_ca.t                     (Wstat: 512 Tests: 0 Failed: 0)
  Non-zero exit status: 2
  Parse errors: No plan found in TAP output
../test/recipes/80-test_cipherbytes.t            (Wstat: 512 Tests: 0 Failed: 0)
  Non-zero exit status: 2
  Parse errors: No plan found in TAP output
../test/recipes/80-test_cipherlist.t             (Wstat: 512 Tests: 0 Failed: 0)
  Non-zero exit status: 2
  Parse errors: No plan found in TAP output
../test/recipes/80-test_ciphername.t             (Wstat: 512 Tests: 0 Failed: 0)
  Non-zero exit status: 2
  Parse errors: No plan found in TAP output
../test/recipes/80-test_cms.t                    (Wstat: 512 Tests: 0 Failed: 0)
  Non-zero exit status: 2
  Parse errors: No plan found in TAP output
../test/recipes/80-test_cmsapi.t                 (Wstat: 512 Tests: 0 Failed: 0)
  Non-zero exit status: 2
  Parse errors: No plan found in TAP output
../test/recipes/80-test_ct.t                     (Wstat: 512 Tests: 0 Failed: 0)
  Non-zero exit status: 2
  Parse errors: No plan found in TAP output
../test/recipes/80-test_dane.t                   (Wstat: 512 Tests: 0 Failed: 0)
  Non-zero exit status: 2
  Parse errors: No plan found in TAP output
../test/recipes/80-test_dtls.t                   (Wstat: 512 Tests: 0 Failed: 0)
  Non-zero exit status: 2
  Parse errors: No plan found in TAP output
../test/recipes/80-test_dtls_mtu.t               (Wstat: 512 Tests: 0 Failed: 0)
  Non-zero exit status: 2
  Parse errors: No plan found in TAP output
../test/recipes/80-test_dtlsv1listen.t           (Wstat: 512 Tests: 0 Failed: 0)
  Non-zero exit status: 2
  Parse errors: No plan found in TAP output
../test/recipes/80-test_ocsp.t                   (Wstat: 512 Tests: 0 Failed: 0)
  Non-zero exit status: 2
  Parse errors: No plan found in TAP output
../test/recipes/80-test_pkcs12.t                 (Wstat: 512 Tests: 0 Failed: 0)
  Non-zero exit status: 2
  Parse errors: No plan found in TAP output
../test/recipes/80-test_ssl_new.t                (Wstat: 512 Tests: 0 Failed: 0)
  Non-zero exit status: 2
  Parse errors: No plan found in TAP output
../test/recipes/80-test_ssl_old.t                (Wstat: 512 Tests: 0 Failed: 0)
  Non-zero exit status: 2
  Parse errors: No plan found in TAP output
../test/recipes/80-test_ssl_test_ctx.t           (Wstat: 512 Tests: 0 Failed: 0)
  Non-zero exit status: 2
  Parse errors: No plan found in TAP output
../test/recipes/80-test_sslcorrupt.t             (Wstat: 512 Tests: 0 Failed: 0)
  Non-zero exit status: 2
  Parse errors: No plan found in TAP output
../test/recipes/80-test_tsa.t                    (Wstat: 512 Tests: 0 Failed: 0)
  Non-zero exit status: 2
  Parse errors: No plan found in TAP output
../test/recipes/80-test_x509aux.t                (Wstat: 512 Tests: 0 Failed: 0)
  Non-zero exit status: 2
  Parse errors: No plan found in TAP output
../test/recipes/90-test_asn1_time.t              (Wstat: 512 Tests: 0 Failed: 0)
  Non-zero exit status: 2
  Parse errors: No plan found in TAP output
../test/recipes/90-test_async.t                  (Wstat: 512 Tests: 0 Failed: 0)
  Non-zero exit status: 2
  Parse errors: No plan found in TAP output
../test/recipes/90-test_bio_enc.t                (Wstat: 512 Tests: 0 Failed: 0)
  Non-zero exit status: 2
  Parse errors: No plan found in TAP output
../test/recipes/90-test_bio_memleak.t            (Wstat: 512 Tests: 0 Failed: 0)
  Non-zero exit status: 2
  Parse errors: No plan found in TAP output
../test/recipes/90-test_constant_time.t          (Wstat: 512 Tests: 0 Failed: 0)
  Non-zero exit status: 2
  Parse errors: No plan found in TAP output
../test/recipes/90-test_fatalerr.t               (Wstat: 512 Tests: 0 Failed: 0)
  Non-zero exit status: 2
  Parse errors: No plan found in TAP output
../test/recipes/90-test_gmdiff.t                 (Wstat: 512 Tests: 0 Failed: 0)
  Non-zero exit status: 2
  Parse errors: No plan found in TAP output
../test/recipes/90-test_gost.t                   (Wstat: 512 Tests: 0 Failed: 0)
  Non-zero exit status: 2
  Parse errors: No plan found in TAP output
../test/recipes/90-test_ige.t                    (Wstat: 512 Tests: 0 Failed: 0)
  Non-zero exit status: 2
  Parse errors: No plan found in TAP output
../test/recipes/90-test_includes.t               (Wstat: 512 Tests: 0 Failed: 0)
  Non-zero exit status: 2
  Parse errors: No plan found in TAP output
../test/recipes/90-test_memleak.t                (Wstat: 512 Tests: 0 Failed: 0)
  Non-zero exit status: 2
  Parse errors: No plan found in TAP output
../test/recipes/90-test_overhead.t               (Wstat: 512 Tests: 0 Failed: 0)
  Non-zero exit status: 2
  Parse errors: No plan found in TAP output
../test/recipes/90-test_secmem.t                 (Wstat: 512 Tests: 0 Failed: 0)
  Non-zero exit status: 2
  Parse errors: No plan found in TAP output
../test/recipes/90-test_shlibload.t              (Wstat: 512 Tests: 0 Failed: 0)
  Non-zero exit status: 2
  Parse errors: No plan found in TAP output
../test/recipes/90-test_srp.t                    (Wstat: 512 Tests: 0 Failed: 0)
  Non-zero exit status: 2
  Parse errors: No plan found in TAP output
../test/recipes/90-test_sslapi.t                 (Wstat: 512 Tests: 0 Failed: 0)
  Non-zero exit status: 2
  Parse errors: No plan found in TAP output
../test/recipes/90-test_sslbuffers.t             (Wstat: 512 Tests: 0 Failed: 0)
  Non-zero exit status: 2
  Parse errors: No plan found in TAP output
../test/recipes/90-test_store.t                  (Wstat: 512 Tests: 0 Failed: 0)
  Non-zero exit status: 2
  Parse errors: No plan found in TAP output
../test/recipes/90-test_sysdefault.t             (Wstat: 512 Tests: 0 Failed: 0)
  Non-zero exit status: 2
  Parse errors: No plan found in TAP output
../test/recipes/90-test_threads.t                (Wstat: 512 Tests: 0 Failed: 0)
  Non-zero exit status: 2
  Parse errors: No plan found in TAP output
../test/recipes/90-test_time_offset.t            (Wstat: 512 Tests: 0 Failed: 0)
  Non-zero exit status: 2
  Parse errors: No plan found in TAP output
../test/recipes/90-test_tls13ccs.t               (Wstat: 512 Tests: 0 Failed: 0)
  Non-zero exit status: 2
  Parse errors: No plan found in TAP output
../test/recipes/90-test_tls13encryption.t        (Wstat: 512 Tests: 0 Failed: 0)
  Non-zero exit status: 2
  Parse errors: No plan found in TAP output
../test/recipes/90-test_tls13secrets.t           (Wstat: 512 Tests: 0 Failed: 0)
  Non-zero exit status: 2
  Parse errors: No plan found in TAP output
../test/recipes/90-test_v3name.t                 (Wstat: 512 Tests: 0 Failed: 0)
  Non-zero exit status: 2
  Parse errors: No plan found in TAP output
../test/recipes/95-test_external_boringssl.t     (Wstat: 512 Tests: 0 Failed: 0)
  Non-zero exit status: 2
  Parse errors: No plan found in TAP output
../test/recipes/95-test_external_krb5.t          (Wstat: 512 Tests: 0 Failed: 0)
  Non-zero exit status: 2
  Parse errors: No plan found in TAP output
../test/recipes/95-test_external_pyca.t          (Wstat: 512 Tests: 0 Failed: 0)
  Non-zero exit status: 2
  Parse errors: No plan found in TAP output
../test/recipes/99-test_ecstress.t               (Wstat: 512 Tests: 0 Failed: 0)
  Non-zero exit status: 2
  Parse errors: No plan found in TAP output
../test/recipes/99-test_fuzz.t                   (Wstat: 512 Tests: 0 Failed: 0)
  Non-zero exit status: 2
  Parse errors: No plan found in TAP output
Files=158, Tests=0, 48 wallclock secs ( 1.40 usr  0.49 sys + 39.25 cusr  6.07 csys = 47.21 CPU)
Result: FAIL
make[1]: *** [Makefile:208: _tests] Error 1
make[1]: Leaving directory '/usr/ports/core-ppc/openssl/work/src/openssl-1.1.1i'
make: *** [Makefile:205: tests] Error 2
make: Target 'test' not remade because of errors.
